2026-04-25 16:53:27,465 INFO send_txs: endpoint=http://127.0.0.1:9645 range=46368291..46378290 period=9.0ms (~111.1 tx/s) jitter=0ms
2026-04-25 16:53:27,687 INFO send_txs: loaded 23563 txs from 10000 blocks (missing=0 empty=733)
2026-04-25 16:53:36,684 INFO send_txs: sent 1000/23563  ok=1000  err=0  inst_rate=111.2 tx/s  avg_rate=111.2 tx/s
2026-04-25 16:53:45,683 INFO send_txs: sent 2000/23563  ok=1997  err=3  inst_rate=111.1 tx/s  avg_rate=111.1 tx/s
2026-04-25 16:53:54,683 INFO send_txs: sent 3000/23563  ok=2993  err=7  inst_rate=111.1 tx/s  avg_rate=111.1 tx/s
2026-04-25 16:54:03,684 INFO send_txs: sent 4000/23563  ok=3989  err=11  inst_rate=111.1 tx/s  avg_rate=111.1 tx/s
2026-04-25 16:54:12,683 INFO send_txs: sent 5000/23563  ok=4988  err=12  inst_rate=111.1 tx/s  avg_rate=111.1 tx/s
2026-04-25 16:54:21,683 INFO send_txs: sent 6000/23563  ok=5987  err=13  inst_rate=111.1 tx/s  avg_rate=111.1 tx/s
2026-04-25 16:54:30,683 INFO send_txs: sent 7000/23563  ok=6985  err=15  inst_rate=111.1 tx/s  avg_rate=111.1 tx/s
2026-04-25 16:54:39,684 INFO send_txs: sent 8000/23563  ok=7985  err=15  inst_rate=111.1 tx/s  avg_rate=111.1 tx/s
2026-04-25 16:54:48,684 INFO send_txs: sent 9000/23563  ok=8978  err=22  inst_rate=111.1 tx/s  avg_rate=111.1 tx/s
2026-04-25 16:54:57,683 INFO send_txs: sent 10000/23563  ok=9972  err=28  inst_rate=111.1 tx/s  avg_rate=111.1 tx/s
2026-04-25 16:55:06,684 INFO send_txs: sent 11000/23563  ok=10971  err=29  inst_rate=111.1 tx/s  avg_rate=111.1 tx/s
2026-04-25 16:55:15,684 INFO send_txs: sent 12000/23563  ok=11967  err=33  inst_rate=111.1 tx/s  avg_rate=111.1 tx/s
2026-04-25 16:55:24,684 INFO send_txs: sent 13000/23563  ok=12957  err=43  inst_rate=111.1 tx/s  avg_rate=111.1 tx/s
2026-04-25 16:55:33,686 INFO send_txs: sent 14000/23563  ok=13955  err=45  inst_rate=111.1 tx/s  avg_rate=111.1 tx/s
2026-04-25 16:55:42,683 INFO send_txs: sent 15000/23563  ok=14954  err=46  inst_rate=111.1 tx/s  avg_rate=111.1 tx/s
2026-04-25 16:55:51,684 INFO send_txs: sent 16000/23563  ok=15953  err=47  inst_rate=111.1 tx/s  avg_rate=111.1 tx/s
2026-04-25 16:56:00,684 INFO send_txs: sent 17000/23563  ok=16951  err=49  inst_rate=111.1 tx/s  avg_rate=111.1 tx/s
2026-04-25 16:56:09,684 INFO send_txs: sent 18000/23563  ok=17950  err=50  inst_rate=111.1 tx/s  avg_rate=111.1 tx/s
2026-04-25 16:56:18,684 INFO send_txs: sent 19000/23563  ok=18949  err=51  inst_rate=111.1 tx/s  avg_rate=111.1 tx/s
2026-04-25 16:56:27,683 INFO send_txs: sent 20000/23563  ok=19947  err=53  inst_rate=111.1 tx/s  avg_rate=111.1 tx/s
2026-04-25 16:56:36,684 INFO send_txs: sent 21000/23563  ok=20944  err=56  inst_rate=111.1 tx/s  avg_rate=111.1 tx/s
2026-04-25 16:56:45,684 INFO send_txs: sent 22000/23563  ok=21942  err=58  inst_rate=111.1 tx/s  avg_rate=111.1 tx/s
2026-04-25 16:56:54,684 INFO send_txs: sent 23000/23563  ok=22942  err=58  inst_rate=111.1 tx/s  avg_rate=111.1 tx/s
2026-04-25 16:56:59,750 INFO send_txs: done. sent=23563 ok=23495 errors=68 elapsed=212.1s avg_rate=111.1 tx/s
2026-04-25 16:56:59,750 INFO send_txs: error breakdown:
2026-04-25 16:56:59,750 INFO send_txs:       28  gapped-nonce tx from delegated accounts
2026-04-25 16:56:59,750 INFO send_txs:       27  insufficient funds
2026-04-25 16:56:59,750 INFO send_txs:       13  in-flight transaction limit
